<?xml version="1.0" encoding="UTF-8" ?>
<testsuite tests="2" failures="2" name="com.petclinic.OwnerTest" time="7.501" errors="0" skipped="0">
  <properties>
[...]
</properties>
  <testcase classname="com.petclinic.OwnerTest" name="addNewOwnerTest" time="7.494">
    <failure message="chrome not reachable
  (Session info: chrome=79.0.3945.130)
Build info: version: &apos;3.141.59&apos;, revision: &apos;e82be7d358&apos;, time: &apos;2018-11-14T08:17:03&apos;
System info: host: &apos;HP-250-G5-Notebook-PC&apos;, ip: &apos;127.0.1.1&apos;, os.name: &apos;Linux&apos;, os.arch: &apos;amd64&apos;, os.version: &apos;4.15.0-74-generic&apos;, java.version: &apos;1.8.0_231&apos;
Driver info: org.openqa.selenium.chrome.ChromeDriver
selenide.url: http://localhost:8000/petclinic/owners/add
Capabilities {acceptInsecureCerts: true, browserName: chrome, browserVersion: 79.0.3945.130, chrome: {chromedriverVersion: 79.0.3945.36 (3582db32b3389..., userDataDir: /tmp/.com.google.Chrome.NL3KnS}, goog:chromeOptions: {debuggerAddress: localhost:38363}, javascriptEnabled: true, networkConnectionEnabled: false, pageLoadStrategy: normal, platform: LINUX, platformName: LINUX, proxy: Proxy(), setWindowRect: true, strictFileInteractability: false, timeouts: {implicit: 0, pageLoad: 300000, script: 30000}, unhandledPromptBehavior: dismiss and notify}
selenide.baseUrl: http://localhost:8000/petclinic
Session ID: 59d5e69cd74e9bc6d9bf746f3e5b03b3" type="org.openqa.selenium.WebDriverException">org.openqa.selenium.WebDriverException: chrome not reachable
  (Session info: chrome=79.0.3945.130)
Build info: version: &apos;3.141.59&apos;, revision: &apos;e82be7d358&apos;, time: &apos;2018-11-14T08:17:03&apos;
System info: host: &apos;HP-250-G5-Notebook-PC&apos;, ip: &apos;127.0.1.1&apos;, os.name: &apos;Linux&apos;, os.arch: &apos;amd64&apos;, os.version: &apos;4.15.0-74-generic&apos;, java.version: &apos;1.8.0_231&apos;
Driver info: org.openqa.selenium.chrome.ChromeDriver
selenide.url: http://localhost:8000/petclinic/owners/add
Capabilities {acceptInsecureCerts: true, browserName: chrome, browserVersion: 79.0.3945.130, chrome: {chromedriverVersion: 79.0.3945.36 (3582db32b3389..., userDataDir: /tmp/.com.google.Chrome.NL3KnS}, goog:chromeOptions: {debuggerAddress: localhost:38363}, javascriptEnabled: true, networkConnectionEnabled: false, pageLoadStrategy: normal, platform: LINUX, platformName: LINUX, proxy: Proxy(), setWindowRect: true, strictFileInteractability: false, timeouts: {implicit: 0, pageLoad: 300000, script: 30000}, unhandledPromptBehavior: dismiss and notify}
selenide.baseUrl: http://localhost:8000/petclinic
Session ID: 59d5e69cd74e9bc6d9bf746f3e5b03b3
	at sun.reflect.NativeConstructorAccessorImpl.newInstance0(Native Method)
	at sun.reflect.NativeConstructorAccessorImpl.newInstance(NativeConstructorAccessorImpl.java:62)
	at sun.reflect.DelegatingConstructorAccessorImpl.newInstance(DelegatingConstructorAccessorImpl.java:45)
	at java.lang.reflect.Constructor.newInstance(Constructor.java:423)
	at org.openqa.selenium.remote.http.W3CHttpResponseCodec.createException(W3CHttpResponseCodec.java:187)
	at org.openqa.selenium.remote.http.W3CHttpResponseCodec.decode(W3CHttpResponseCodec.java:122)
	at org.openqa.selenium.remote.http.W3CHttpResponseCodec.decode(W3CHttpResponseCodec.java:49)
	at org.openqa.selenium.remote.HttpCommandExecutor.execute(HttpCommandExecutor.java:158)
	at org.openqa.selenium.remote.service.DriverCommandExecutor.execute(DriverCommandExecutor.java:83)
	at org.openqa.selenium.remote.RemoteWebDriver.execute(RemoteWebDriver.java:552)
	at org.openqa.selenium.remote.RemoteWebDriver.execute(RemoteWebDriver.java:609)
	at org.openqa.selenium.remote.RemoteWebDriver.getTitle(RemoteWebDriver.java:281)
	at com.codeborne.selenide.drivercommands.BrowserHealthChecker.isBrowserStillOpen(BrowserHealthChecker.java:15)
	at com.codeborne.selenide.impl.WebDriverThreadLocalContainer.getAndCheckWebDriver(WebDriverThreadLocalContainer.java:113)
	at com.codeborne.selenide.WebDriverRunner.getAndCheckWebDriver(WebDriverRunner.java:89)
	at com.codeborne.selenide.impl.StaticDriver.getAndCheckWebDriver(StaticDriver.java:47)
	at com.codeborne.selenide.SelenideDriver.getAndCheckWebDriver(SelenideDriver.java:150)
	at com.codeborne.selenide.drivercommands.Navigator.navigateTo(Navigator.java:65)
	at com.codeborne.selenide.drivercommands.Navigator.open(Navigator.java:28)
	at com.codeborne.selenide.SelenideDriver.open(SelenideDriver.java:66)
	at com.codeborne.selenide.Selenide.open(Selenide.java:41)
	at com.petclinic.OwnerTest.addNewOwnerTest(OwnerTest.java:21)
</failure>
    <system-out>Configuring TestNG with: org.apache.maven.surefire.testng.conf.TestNG652Configurator@5aaa6d82
</system-out>
    <system-err>SLF4J: Failed to load class &quot;org.slf4j.impl.StaticLoggerBinder&quot;.
SLF4J: Defaulting to no-operation (NOP) logger implementation
SLF4J: See http://www.slf4j.org/codes.html#StaticLoggerBinder for further details.
Starting ChromeDriver 79.0.3945.36 (3582db32b33893869b8c1339e8f4d9ed1816f143-refs/branch-heads/3945@{#614}) on port 11500
Only local connections are allowed.
Please protect ports used by ChromeDriver and related test frameworks to prevent access by malicious code.
янв 26, 2020 1:41:06 PM org.openqa.selenium.remote.ProtocolHandshake createSession
INFO: Detected dialect: W3C
</system-err>
  </testcase>
  <testcase classname="com.petclinic.OwnerTest" name="addPageObjectTest" time="0.007">
    <failure message="chrome not reachable
  (Session info: chrome=79.0.3945.130)
Build info: version: &apos;3.141.59&apos;, revision: &apos;e82be7d358&apos;, time: &apos;2018-11-14T08:17:03&apos;
System info: host: &apos;HP-250-G5-Notebook-PC&apos;, ip: &apos;127.0.1.1&apos;, os.name: &apos;Linux&apos;, os.arch: &apos;amd64&apos;, os.version: &apos;4.15.0-74-generic&apos;, java.version: &apos;1.8.0_231&apos;
Driver info: org.openqa.selenium.chrome.ChromeDriver
selenide.url: http://localhost:8000/petclinic/owners/add
Capabilities {acceptInsecureCerts: true, browserName: chrome, browserVersion: 79.0.3945.130, chrome: {chromedriverVersion: 79.0.3945.36 (3582db32b3389..., userDataDir: /tmp/.com.google.Chrome.NL3KnS}, goog:chromeOptions: {debuggerAddress: localhost:38363}, javascriptEnabled: true, networkConnectionEnabled: false, pageLoadStrategy: normal, platform: LINUX, platformName: LINUX, proxy: Proxy(), setWindowRect: true, strictFileInteractability: false, timeouts: {implicit: 0, pageLoad: 300000, script: 30000}, unhandledPromptBehavior: dismiss and notify}
selenide.baseUrl: http://localhost:8000/petclinic
Session ID: 59d5e69cd74e9bc6d9bf746f3e5b03b3" type="org.openqa.selenium.WebDriverException">org.openqa.selenium.WebDriverException: chrome not reachable
  (Session info: chrome=79.0.3945.130)
Build info: version: &apos;3.141.59&apos;, revision: &apos;e82be7d358&apos;, time: &apos;2018-11-14T08:17:03&apos;
System info: host: &apos;HP-250-G5-Notebook-PC&apos;, ip: &apos;127.0.1.1&apos;, os.name: &apos;Linux&apos;, os.arch: &apos;amd64&apos;, os.version: &apos;4.15.0-74-generic&apos;, java.version: &apos;1.8.0_231&apos;
Driver info: org.openqa.selenium.chrome.ChromeDriver
selenide.url: http://localhost:8000/petclinic/owners/add
Capabilities {acceptInsecureCerts: true, browserName: chrome, browserVersion: 79.0.3945.130, chrome: {chromedriverVersion: 79.0.3945.36 (3582db32b3389..., userDataDir: /tmp/.com.google.Chrome.NL3KnS}, goog:chromeOptions: {debuggerAddress: localhost:38363}, javascriptEnabled: true, networkConnectionEnabled: false, pageLoadStrategy: normal, platform: LINUX, platformName: LINUX, proxy: Proxy(), setWindowRect: true, strictFileInteractability: false, timeouts: {implicit: 0, pageLoad: 300000, script: 30000}, unhandledPromptBehavior: dismiss and notify}
selenide.baseUrl: http://localhost:8000/petclinic
Session ID: 59d5e69cd74e9bc6d9bf746f3e5b03b3
	at sun.reflect.NativeConstructorAccessorImpl.newInstance0(Native Method)
	at sun.reflect.NativeConstructorAccessorImpl.newInstance(NativeConstructorAccessorImpl.java:62)
	at sun.reflect.DelegatingConstructorAccessorImpl.newInstance(DelegatingConstructorAccessorImpl.java:45)
	at java.lang.reflect.Constructor.newInstance(Constructor.java:423)
	at org.openqa.selenium.remote.http.W3CHttpResponseCodec.createException(W3CHttpResponseCodec.java:187)
	at org.openqa.selenium.remote.http.W3CHttpResponseCodec.decode(W3CHttpResponseCodec.java:122)
	at org.openqa.selenium.remote.http.W3CHttpResponseCodec.decode(W3CHttpResponseCodec.java:49)
	at org.openqa.selenium.remote.HttpCommandExecutor.execute(HttpCommandExecutor.java:158)
	at org.openqa.selenium.remote.service.DriverCommandExecutor.execute(DriverCommandExecutor.java:83)
	at org.openqa.selenium.remote.RemoteWebDriver.execute(RemoteWebDriver.java:552)
	at org.openqa.selenium.remote.RemoteWebDriver.execute(RemoteWebDriver.java:609)
	at org.openqa.selenium.remote.RemoteWebDriver.getTitle(RemoteWebDriver.java:281)
	at com.codeborne.selenide.drivercommands.BrowserHealthChecker.isBrowserStillOpen(BrowserHealthChecker.java:15)
	at com.codeborne.selenide.impl.WebDriverThreadLocalContainer.getAndCheckWebDriver(WebDriverThreadLocalContainer.java:113)
	at com.codeborne.selenide.WebDriverRunner.getAndCheckWebDriver(WebDriverRunner.java:89)
	at com.codeborne.selenide.impl.StaticDriver.getAndCheckWebDriver(StaticDriver.java:47)
	at com.codeborne.selenide.SelenideDriver.getAndCheckWebDriver(SelenideDriver.java:150)
	at com.codeborne.selenide.drivercommands.Navigator.navigateTo(Navigator.java:65)
	at com.codeborne.selenide.drivercommands.Navigator.open(Navigator.java:28)
	at com.codeborne.selenide.SelenideDriver.open(SelenideDriver.java:66)
	at com.codeborne.selenide.Selenide.open(Selenide.java:41)
	at com.petclinic.OwnerTest.addPageObjectTest(OwnerTest.java:36)
</failure>
  </testcase>
</testsuite>